# JRE version: OpenJDK Runtime Environment (11.0.2+9) (build 11.0.2+9)
# Java VM: OpenJDK 64-Bit Server VM (11.0.2+9, mixed mode, tiered, compressed oops, g1 gc, windows-amd64)
Heap:
 garbage-first heap   total 262144K, used 35354K [0x0000000701000000, 0x0000000800000000)
  region size 1024K, 27 young (27648K), 8 survivors (8192K)
 Metaspace       used 28700K, capacity 30173K, committed 30208K, reserved 1075200K
  class space    used 3703K, capacity 4324K, committed 4352K, reserved 1048576K
GC Heap History (6 events):
Event: 0.713 GC heap before
{Heap before GC invocations=0 (full 0):
 garbage-first heap   total 262144K, used 23552K [0x0000000701000000, 0x0000000800000000)
  region size 1024K, 24 young (24576K), 0 survivors (0K)
 Metaspace       used 11652K, capacity 12013K, committed 12160K, reserved 1060864K
  class space    used 1197K, capacity 1336K, committed 1408K, reserved 1048576K
}
Event: 0.716 GC heap after
{Heap after GC invocations=1 (full 0):
 garbage-first heap   total 262144K, used 2647K [0x0000000701000000, 0x0000000800000000)
  region size 1024K, 3 young (3072K), 3 survivors (3072K)
 Metaspace       used 11652K, capacity 12013K, committed 12160K, reserved 1060864K
  class space    used 1197K, capacity 1336K, committed 1408K, reserved 1048576K
}
Event: 1.410 GC heap before
{Heap before GC invocations=1 (full 0):
 garbage-first heap   total 262144K, used 39511K [0x0000000701000000, 0x0000000800000000)
  region size 1024K, 40 young (40960K), 3 survivors (3072K)
 Metaspace       used 20567K, capacity 21180K, committed 21248K, reserved 1067008K
  class space    used 2502K, capacity 2776K, committed 2816K, reserved 1048576K
}
Event: 1.420 GC heap after
{Heap after GC invocations=2 (full 0):
 garbage-first heap   total 262144K, used 7376K [0x0000000701000000, 0x0000000800000000)
  region size 1024K, 8 young (8192K), 8 survivors (8192K)
 Metaspace       used 20567K, capacity 21180K, committed 21248K, reserved 1067008K
  class space    used 2502K, capacity 2776K, committed 2816K, reserved 1048576K
}
Event: 4.804 GC heap before
{Heap before GC invocations=3 (full 0):
 garbage-first heap   total 262144K, used 61648K [0x0000000701000000, 0x0000000800000000)
  region size 1024K, 59 young (60416K), 8 survivors (8192K)
 Metaspace       used 27632K, capacity 28835K, committed 28928K, reserved 1075200K
  class space    used 3543K, capacity 4026K, committed 4096K, reserved 1048576K
}
Event: 4.816 GC heap after
{Heap after GC invocations=4 (full 0):
 garbage-first heap   total 262144K, used 16922K [0x0000000701000000, 0x0000000800000000)
  region size 1024K, 8 young (8192K), 8 survivors (8192K)
 Metaspace       used 27632K, capacity 28835K, committed 28928K, reserved 1075200K
  class space    used 3543K, capacity 4026K, committed 4096K, reserved 1048576K
}

